<?xml version="1.0" encoding="UTF-8"?>
<testng-results skipped="0" failed="0" total="1" passed="1">
  <reporter-output>
  </reporter-output>
  <suite name="Suite" duration-ms="23952" started-at="2020-02-24T06:04:53Z" finished-at="2020-02-24T06:05:17Z">
    <groups>
    </groups>
    <test name="Test" duration-ms="23952" started-at="2020-02-24T06:04:53Z" finished-at="2020-02-24T06:05:17Z">
      <class name="com.jenkins.OpenBrowser">
        <test-method status="PASS" signature="LaunchBrowser()[pri:0, instance:com.jenkins.OpenBrowser@2a5ca609]" name="LaunchBrowser" duration-ms="23919" started-at="2020-02-24T11:34:53Z" finished-at="2020-02-24T11:35:17Z">
          <reporter-output>
          </reporter-output>
        </test-method> <!-- LaunchBrowser -->
      </class> <!-- com.jenkins.OpenBrowser -->
    </test> <!-- Test -->
  </suite> <!-- Suite -->
</testng-results>
